{
  "RSpec": {
    "coverage": {
      "/Users/Emily_rrz/projects/GildedRose-Refactoring-Kata/ruby/original.rb": [
        1,
        null,
        1,
        13,
        null,
        null,
        1,
        13,
        null,
        3,
        3,
        3,
        3,
        null,
        1,
        null,
        4,
        4,
        4,
        4,
        null,
        5,
        1,
        null,
        4,
        null,
        5,
        null,
        13,
        2,
        null,
        null,
        null,
        1,
        13,
        13,
        null,
        null,
        null,
        null,
        1,
        1,
        null,
        1,
        15,
        15,
        15,
        null,
        null,
        1,
        1,
        null,
        null
      ]
    },
    "timestamp": 1450456308
  }
}
